         w __deregister_frame_info
         w __register_frame_info
         w _ITM_deregisterTMCloneTable
         w _ITM_registerTMCloneTable
00000000 b .LANCHOR1
00000000 00000401 b __fixedpath
00000000 b _TLS_MODULE_BASE_
00000000 a shift
00000000 a shift
00000404 b .LANCHOR3
00000404 00000802 b __utf16path
00000c08 b .LANCHOR5
00000c08 00000802 b __utf16path_old.8107
00100000 a __start__
00100000 T _start
00100008 T __service_ptr
0010000c T __apt_appid
00100010 T __heap_size
00100014 T __linear_heap_size
00100018 T __system_arglist
0010001c T __system_runflags
00100020 t startup
00100058 t ClearMem
0010006c t ClrLoop
00100094 T _init
001000b0 T flush_dcache
001000bc T invalidate_icache
001000c8 T svcGlobalBackdoor
001000d0 T svc_30
001000ec t svc_30_callback
00100110 T checkSvcGlobalBackdoor
00100124 t checkSvcGlobalBackdoor_callback
00100130 T checkRunningCFW
00100138 00000214 t crc32_combine_
0010034c 0000000c T get_crc_table
00100358 000003b0 T crc32
00100708 00000004 T crc32_combine
0010070c 00000004 T crc32_combine64
00100710 000002a0 t longest_match
001009b0 00000330 t fill_window
00100ce0 000005b0 t deflate_fast
00101290 0000072c t deflate_slow
001019bc 000003d0 t deflate_stored
00101d8c 00000218 T deflateSetDictionary
00101fa4 000000d8 T deflateResetKeep
0010207c 00000168 T deflateReset
001021e4 00000034 T deflateSetHeader
00102218 0000004c T deflatePending
00102264 000000a8 T deflatePrime
0010230c 00000038 T deflateTune
00102344 00000114 T deflateBound
00102458 00001850 T deflate
00103ca8 0000011c T deflateParams
00103dc4 00000120 T deflateEnd
00103ee4 000003c8 T deflateInit2_
001042ac 00000340 T deflateInit_
001045ec 00000204 T deflateCopy
001047f0 00000090 T inflateResetKeep
00104880 0000009c T inflateReset
0010491c 00000120 T inflateReset2
00104a3c 00000188 T inflateInit2_
00104bc4 00000164 T inflateInit_
00104d28 00000078 T inflatePrime
00104da0 00001e9c T inflate
00106c3c 00000064 T inflateEnd
00106ca0 00000098 T inflateGetDictionary
00106d38 000001a8 T inflateSetDictionary
00106ee0 0000003c T inflateGetHeader
00106f1c 000002b8 T inflateSync
001071d4 00000040 T inflateSyncPoint
00107214 000001ac T inflateCopy
001073c0 00000030 T inflateUndermine
001073f0 00000058 T inflateMark
00107448 00000bf4 T inflate_table
0010803c 000005c4 t send_tree
00108600 00000438 t compress_block
00108a38 00000b34 t build_tree
0010956c 000000cc T _tr_init
00109638 00000194 T _tr_stored_block
001097cc 0000009c T _tr_flush_bits
00109868 00000184 T _tr_align
001099ec 00000b14 T _tr_flush_block
0010a500 000000b8 T _tr_tally
0010a5b8 0000000c T zlibVersion
0010a5c4 00000008 T zlibCompileFlags
0010a5cc 00000014 T zError
0010a5e0 00000008 T zcalloc
0010a5e8 00000008 T zcfree
0010a5f0 00000448 T adler32
0010aa38 000000bc T adler32_combine
0010aaf4 000000bc T adler32_combine64
0010abb0 00000be4 T inflate_fast
0010b794 T initSystem
0010b7d8 T __ctru_exit
0010b7f8 t .udivsi3_skip_div0_test
0010b7f8 T __aeabi_uidiv
0010b7f8 000001ec T __udivsi3
0010b9e4 00000020 T __aeabi_uidivmod
0010ba04 T __aeabi_idiv
0010ba04 00000220 T __divsi3
0010ba0c t .divsi3_skip_div0_test
0010bc24 00000020 T __aeabi_idivmod
0010bc44 00000004 W __aeabi_idiv0
0010bc44 00000004 W __aeabi_ldiv0
0010bc48 T __aeabi_ldivmod
0010bd1c T __aeabi_uldivmod
0010bd68 00000390 T strcmp
0010c0f0 t deregister_tm_clones
0010c11c t register_tm_clones
0010c154 t __do_global_dtors_aux
0010c198 t frame_dummy
0010c1cc 00000084 t copy_data
0010c250 00000184 T archiveExtractFile
0010c3d4 000000a0 T fsOpenAndWrite
0010c478 000000b8 T progressbar
0010c530 00000234 T httpDownloadData
0010c764 00000010 T httpRetrieveData
0010c774 00000010 T httpBufSize
0010c784 00000010 T httpFree
0010c794 00000194 T downloadExtractStep1
0010c928 00000094 T doExploitsStep1
0010c9bc 000000dc T ciaInstall
0010ca98 0000021c T downloadExtractStep2
0010ccb4 0000014c T main
0010ce00 00000034 t K_PatchPID
0010ce34 0000002c t K_RestorePID
0010ce60 00000014 T initial_kernel_function
0010ce74 00000054 t K_PatchACL
0010cec8 000000dc T gspSetTextureCopy
0010cfa8 00000344 T hook_kernel
0010d2ec 00000058 T initsrv_allservices
0010d344 0000002c T patch_svcaccesstable
0010d370 00000164 T patch_arm11_codeflow
0010d4d4 000000a4 T FileRead
0010d578 00000368 T safehax
0010d8e0 000000ac W __system_allocateHeaps
0010d98c 000001b4 T allocHeapWithLa
0010db40 000003fc T udsploit
0010df3c 00000090 T archive_entry_clear
0010dfcc 0000015c T archive_entry_clone
0010e128 00000084 T archive_entry_free
0010e1ac 00000020 T archive_entry_new2
0010e1cc 00000008 T archive_entry_atime
0010e1d4 00000008 T archive_entry_atime_nsec
0010e1dc 0000000c T archive_entry_atime_is_set
0010e1e8 00000008 T archive_entry_birthtime
0010e1f0 00000008 T archive_entry_birthtime_nsec
0010e1f8 0000000c T archive_entry_birthtime_is_set
0010e204 00000008 T archive_entry_ctime
0010e20c 0000000c T archive_entry_ctime_is_set
0010e218 00000008 T archive_entry_ctime_nsec
0010e220 0000000c T archive_entry_filetype
0010e22c 00000014 T archive_entry_fflags
0010e240 00000008 T archive_entry_gid
0010e248 00000050 T archive_entry_gname
0010e298 00000064 T archive_entry_hardlink
0010e2fc 00000008 T archive_entry_mode
0010e304 00000008 T archive_entry_mtime
0010e30c 00000008 T archive_entry_mtime_nsec
0010e314 0000000c T archive_entry_mtime_is_set
0010e320 00000050 T archive_entry_pathname
0010e370 00000050 T archive_entry_pathname_w
0010e3c0 00000008 T archive_entry_size
0010e3c8 0000000c T archive_entry_size_is_set
0010e3d4 00000064 T archive_entry_symlink
0010e438 00000008 T archive_entry_uid
0010e440 00000050 T archive_entry_uname
0010e490 00000010 T archive_entry_set_gid
0010e4a0 0000005c T archive_entry_set_atime
0010e4fc 0000005c T archive_entry_set_ctime
0010e558 00000010 T archive_entry_set_mode
0010e568 0000005c T archive_entry_set_mtime
0010e5c4 00000008 T archive_entry_set_pathname
0010e5cc 00000008 T _archive_entry_copy_pathname_l
0010e5d4 0000001c T archive_entry_set_size
0010e5f0 0000002c T archive_entry_unset_size
0010e61c 0000002c T archive_entry_copy_symlink
0010e648 0000003c T _archive_entry_copy_symlink_l
0010e684 00000010 T archive_entry_set_uid
0010e694 00000010 T archive_entry_mac_metadata
0010e6a4 00000060 T archive_entry_copy_mac_metadata
0010e704 00000008 T archive_entry_acl
0010e70c 00000034 T archive_entry_sparse_clear
0010e740 000000d4 T archive_entry_sparse_add_entry
0010e814 0000004c T archive_entry_xattr_clear
0010e860 00000080 T archive_entry_xattr_add_entry
0010e8e0 0000002c T archive_entry_xattr_count
0010e90c 00000024 t client_read_proxy
0010e930 00000034 t client_seek_proxy
0010e964 00000024 t client_open_proxy
0010e988 000000ac t client_switch_proxy
0010ea34 0000002c t _archive_filter_count
0010ea60 00000090 t _archive_filter_bytes
0010eaf0 00000074 t client_close_proxy
0010eb64 00000128 t client_skip_proxy
0010ec8c 00000134 t _archive_read_free
0010edc0 0000007c t _archive_read_data_block
0010ee3c 00000090 t _archive_filter_code
0010eecc 00000090 t _archive_filter_name
0010ef5c 000000b0 t _archive_read_close
0010f00c 00000238 t _archive_read_next_header
0010f244 00000244 t _archive_read_next_header2
0010f488 000000cc T archive_read_new
0010f554 00000034 T archive_read_set_open_callback
0010f588 00000034 T archive_read_set_read_callback
0010f5bc 00000034 T archive_read_set_skip_callback
0010f5f0 00000034 T archive_read_set_seek_callback
0010f624 00000034 T archive_read_set_close_callback
0010f658 00000098 T archive_read_set_callback_data
0010f6f0 0000006c T __archive_read_close_filters
0010f75c 00000a38 T archive_read_open1
00110194 00000254 T __archive_read_register_format
001103e8 000003a8 T __archive_read_ahead
00110790 000003f8 T __archive_read_consume
00110b88 000006f8 T __archive_read_filter_seek
00111280 00000008 T __archive_read_seek
00111288 00000008 t memory_read_open
00111290 0000002c t memory_read
001112bc 00000064 t memory_read_skip
00111320 00000090 t memory_read_seek
001113b0 00000014 t memory_read_close
001113c4 000000b8 T archive_read_open_memory
0011147c 00000574 t Bcj2_Decode
001119f0 000000ac t set_error
00111a9c 0000007c t ppmd_read
00111b18 00000008 t ppmd_free
00111b20 00000008 t ppmd_alloc
00111b28 00000638 t init_decompression
00112160 000000b8 t seek_pack
00112218 000000f8 t free_StreamsInfo
00112310 000000f8 t archive_read_format_7zip_cleanup
00112408 000001d0 t archive_read_format_7zip_bid
001125d8 00000db4 t extract_pack_stream
0011338c 0000012c t get_uncompressed_data
001134b8 00000874 t setup_decode_folder
00113d2c 00000350 t read_stream
0011407c 00000154 t read_Bools
001141d0 00000474 t archive_read_format_7zip_read_data_skip
00114644 000003dc t header_bytes
00114a20 000003ac t header_bytes.constprop.3
00114dcc 00000424 t parse_7zip_uint64
001151f0 00000220 t read_Digests
00115410 00000f48 t read_StreamsInfo
00116358 00001744 t archive_read_format_7zip_read_header
00117a9c 000004bc t archive_read_format_7zip_read_data
00117f58 000000d4 T archive_read_support_format_7zip
0011802c 00000010 t cmp_node
0011803c 00000008 t cmp_key
00118044 0000009c t archive_read_format_zip_cleanup
001180e0 000000d0 t archive_read_format_zip_streamable_bid
001181b0 000000d8 t archive_read_format_zip_options
00118288 00000010 t rsrc_cmp_key
00118298 00000010 t rsrc_cmp_node
001182a8 00000258 t archive_read_format_zip_seekable_bid
00118500 000009bc t zip_read_local_file_header
00118ebc 000001f0 t archive_read_format_zip_streamable_read_header
001190ac 00000304 t zip_read_data_deflate.isra.2
001193b0 00000224 t archive_read_format_zip_read_data_skip
001195d4 00000464 t archive_read_format_zip_read_data
00119a38 00000bdc t archive_read_format_zip_seekable_read_header
0011a614 00000150 T archive_read_support_format_zip
0011a764 00000124 t unicode_to_utf8
0011a888 000000a8 t utf16be_to_unicode
0011a930 0000007c t unicode_to_utf16be
0011a9ac 0000007c t unicode_to_utf16le
0011aa28 00000014 t add_converter.part.8
0011aa3c 00000148 t canonical_charset_name.part.11
0011ab84 00000014 t archive_string_concat.part.14
0011ab84 00000014 t archive_strncat.part.19
0011ab84 00000014 t archive_wstring_concat.part.15
0011ab84 00000014 t archive_wstrncat.part.20
0011ab98 000000a8 t utf16le_to_unicode
0011ac40 0000047c t get_sconv_object.part.12
0011b0bc 00000218 t best_effort_strncat_from_utf16be
0011b2d4 0000016c t best_effort_strncat_to_utf16le
0011b440 00000218 t best_effort_strncat_from_utf16le
0011b658 0000016c t best_effort_strncat_to_utf16be
0011b7c4 00000368 t archive_string_append_unicode
0011bb2c 00000370 t best_effort_strncat_in_locale
0011be9c 00000568 t cesu8_to_unicode
0011c404 00000770 t strncat_from_utf8_to_utf8
0011cb74 00001c4c t archive_string_normalize_C
0011e7c0 00000024 T archive_string_free
0011e7e4 000000c0 T archive_string_ensure
0011e8a4 00000138 T archive_strncat
0011e9dc 00000118 T archive_strcat
0011eaf4 000000f0 T archive_strappend_char
0011ebe4 00000284 T archive_wstring_append_from_mbs
0011ee68 00000290 T archive_string_append_from_wcs
0011f0f8 000000d0 T archive_string_conversion_from_charset
0011f1c8 00000008 T archive_string_default_conversion_for_read
0011f1d0 00000058 T archive_string_conversion_free
0011f228 00000018 T archive_string_conversion_charset_name
0011f240 00000064 T archive_mstring_clean
0011f2a4 000002d0 T archive_mstring_copy
0011f574 00000068 T archive_mstring_get_mbs
0011f5dc 00000068 T archive_mstring_get_wcs
0011f644 0000015c T archive_mstring_copy_mbs
0011f7a0 00000390 T archive_mstring_copy_mbs_len_l
0011fb30 00000010 T __archive_clean
0011fb40 0000001c T archive_error_string
0011fb5c 00000014 T archive_clear_error
0011fb70 0000005c T archive_set_error
0011fbcc 00000054 T __archive_errx
0011fc20 0000003c T __archive_ensure_cloexec_flag
0011fc5c 0000000c T archive_write_close
0011fc68 0000000c T archive_read_close
0011fc74 00000014 T archive_write_free
0011fc88 00000014 T archive_read_free
0011fc9c 00000018 T archive_write_header
0011fcb4 0000000c T archive_write_finish_entry
0011fcc0 0000003c T archive_write_data_block
0011fcfc 0000000c T archive_read_next_header
0011fd08 00000018 T archive_read_data_block
0011fd20 00000024 t _archive_write_disk_filter_bytes
0011fd44 000001a8 t create_filesystem_object
0011feec 0000016c t sort_dir_list
00120058 000007f4 t _archive_write_disk_finish_entry
0012084c 00000114 t _archive_write_disk_close
00120960 00000180 t _archive_write_disk_free
00120ae0 0000028c t create_dir
00120d6c 0000057c t _archive_write_disk_data
001212e8 000005dc t _archive_write_disk_data_block
001218c4 00000a84 t _archive_write_disk_header
00122348 0000000c T archive_write_disk_set_options
00122354 000000f0 T archive_write_disk_new
00122444 00000070 T archive_acl_clear
001224b4 00000234 T archive_acl_copy
001226e8 00000044 t errmsg
0012272c 000002e4 T __archive_check_magic
00122a10 00000028 t Ppmd7_Free
00122a38 00000080 t Ppmd7_Alloc
00122ab8 000001fc t GlueFreeBlocks
00122cb4 00000058 t PpmdRAR_RangeDec_Init
00122d0c 00000030 t Range_GetThreshold
00122d3c 000000a4 t Range_DecodeBit_7z
00122de0 00000020 t Ppmd7z_RangeDec_CreateVTable
00122e00 00000020 t PpmdRAR_RangeDec_CreateVTable
00122e20 00000034 t Ppmd7z_RangeEnc_Init
00122e54 00000334 t RestartModel
00123188 00000020 t Ppmd7_Init
001231a8 00000154 t Ppmd7_Construct
001232fc 00000064 t Ppmd7z_RangeDec_Init
00123360 00000058 t Range_DecodeBit_RAR
001233b8 00000088 t Range_Decode_7z
00123440 00000088 t Range_Decode_RAR
001234c8 00000098 t Ppmd7z_RangeEnc_FlushData
00123560 0000033c t CreateSuccessors
0012389c 00000718 t UpdateModel
00123fb4 00000384 t Rescale
00124338 0000083c t Ppmd7_DecodeSymbol
00124b74 00000d10 t Ppmd7_EncodeSymbol
00125884 0000039c t __archive_rb_tree_removal_rebalance.isra.1
00125c20 00000010 T __archive_rb_tree_init
00125c30 0000005c T __archive_rb_tree_find_node
00125c8c 00000334 T __archive_rb_tree_insert_node
00125fc0 00000208 T __archive_rb_tree_remove_node
001261c8 000000b0 T __archive_rb_tree_iterate
00126278 000000d0 t append_uint
00126348 00000a5c T archive_string_vsprintf
00126da4 00000008 T archive_write_disk_set_acls
00126dac 00000034 T lzma_alloc
00126de0 00000024 T lzma_free
00126e04 00000050 T lzma_bufcpy
00126e54 000000a4 T lzma_next_filter_init
00126ef8 00000058 T lzma_next_filter_update
00126f50 00000070 T lzma_next_end
00126fc0 000000c0 T lzma_strm_init
00127080 000002fc T lzma_code
0012737c 000000d0 T lzma_end
0012744c 000000c8 t decoder_find
00127514 0000007c T lzma_raw_decoder
00127590 00000104 T lzma_properties_decode
00127694 0000000c t lzma_decoder_uncompressed
001276a0 00000384 t lzma_decoder_reset
00127a24 000034cc t lzma_decode
0012aef0 00000444 t lzma_decoder_init
0012b334 0000007c T lzma_lzma_decoder_create
0012b3b0 0000000c T lzma_lzma_decoder_init
0012b3bc 00000084 T lzma_lzma_lclppb_decode
0012b440 00000024 T lzma_lzma_decoder_memusage_nocheck
0012b464 00000068 T lzma_lzma_decoder_memusage
0012b4cc 000000d4 T lzma_lzma_props_decode
0012b5a0 000000bc t lzma2_decoder_init
0012b65c 00000024 t lzma2_decoder_end
0012b680 00000328 t lzma2_decode
0012b9a8 0000000c T lzma_lzma2_decoder_init
0012b9b4 00000014 T lzma_lzma2_decoder_memusage
0012b9c8 00000080 T lzma_lzma2_props_decode
0012ba48 00000020 t delta_coder_end
0012ba68 000000c0 T lzma_delta_coder_init
0012bb28 0000003c T lzma_delta_coder_memusage
0012bb64 000000a4 t delta_decode
0012bc08 00000010 T lzma_delta_decoder_init
0012bc18 00000050 T lzma_delta_props_decode
0012bc68 00000074 T lzma_simple_props_decode
0012bcdc 00000264 t x86_code
0012bf40 00000048 T lzma_simple_x86_decoder_init
0012bf88 00000134 t powerpc_code
0012c0bc 00000034 T lzma_simple_powerpc_decoder_init
0012c0f0 000004e4 t ia64_code
0012c5d4 00000034 T lzma_simple_ia64_decoder_init
0012c608 000000d8 t arm_code
0012c6e0 00000034 T lzma_simple_arm_decoder_init
0012c714 00000180 t armthumb_code
0012c894 00000030 T lzma_simple_armthumb_decoder_init
0012c8c4 000000d8 t sparc_code
0012c99c 00000034 T lzma_simple_sparc_decoder_init
0012c9d0 0000028c T lzma_raw_coder_init
0012cc5c 00000050 t lz_decoder_end
0012ccac 00000334 t lz_decode
0012cfe0 000001c8 T lzma_lz_decoder_init
0012d1a8 00000018 T lzma_lz_decoder_memusage
0012d1c0 00000008 t simple_coder_update
0012d1c8 0000002c t simple_coder_end
0012d1f4 00000388 t simple_code
0012d57c 00000140 T lzma_simple_coder_init
0012d6bc 00000024 t addrMapNodeComparator(rbtree_node const*, rbtree_node const*)
0012d6e0 00000004 t addrMapNodeDestructor(rbtree_node*)
0012d6e4 0000011c T linearMemAlign
0012d800 00000008 T linearAlloc
0012d808 00000050 T linearFree
0012d858 00000098 T MemPool::CoalesceRight(MemBlock*)
0012d8f0 0000016c T MemPool::Allocate(MemChunk&, unsigned long, int)
0012da5c 000000fc T MemPool::Deallocate(MemChunk const&)
0012db58 00000018 T consoleSelect
0012db70 000001c0 T consoleDrawChar
0012dd30 00000128 T consolePrintChar
0012de58 00000184 t consoleCls
0012dfdc 00000104 T consoleInit
0012e0e0 00000138 t consoleClearLine
0012e218 000000c0 t newRow
0012e2d8 00000810 T con_write
0012eae8 0000008c t gfxSetFramebufferInfo.part.0
0012eb74 00000018 T __get_bytes_per_pixel
0012eb8c 00000184 T gfxSetScreenFormat
0012ed10 00000010 T gfxSetDoubleBuffering
0012ed20 0000006c T gfxSetFramebufferInfo
0012ed8c 000000b0 T gfxWriteFramebufferInfo
0012ee3c 00000210 T gfxInit
0012f04c 00000010 T gfxInitDefault
0012f05c 000000e0 T gfxExit
0012f13c 000000a8 T gfxGetFramebuffer
0012f1e4 000000e8 T gfxFlushBuffers
0012f2cc 00000060 T gfxConfigScreen
0012f32c 00000020 T gfxSwapBuffers
0012f34c 00000020 T gfxSwapBuffersGpu
0012f36c 00000058 t getSysTime
0012f3c4 00000028 t __ctru_speedup_config.part.0
0012f3ec 0000004c T osConvertVirtToPhys
0012f438 00000128 T __libctru_gtod
0012f560 00000018 T __ctru_speedup_config
0012f578 00000008 t romfs_close
0012f580 000000cc t romfs_seek
0012f64c 00000028 t romfs_dirreset
0012f674 00000078 t romfs_fstat
0012f6ec 0000005c t _romfs_read_chk
0012f748 000000e8 t romfs_read
0012f830 0000007c t romfs_free
0012f8ac 0000016c t romfsMountCommon
0012fa18 00000254 t romfs_dirnext
0012fc70 000000d0 t romfsInitMtime.isra.4
0012fd40 000000b4 t searchForFile.constprop.7
0012fdf4 000000b8 t searchForDir.constprop.8
0012feac 000001b8 t navigateToDir.constprop.6
00130064 00000130 t romfs_open
00130194 00000210 t romfs_stat
001303a4 00000054 t romfs_chdir
001303f8 00000078 t romfs_diropen
00130470 00000008 t romfs_dirclose
00130478 00000344 T romfsMount
001307bc 00000058 T srvExit
00130814 00000038 T srvRegisterClient
0013084c 000000c4 T srvInit
00130910 0000006c T srvGetServiceHandleDirect
0013097c 00000038 T srvGetServiceHandle
001309b4 00000004 W gxCmdQueueAdd
001309b8 00000038 t submitGxCommand
001309f0 0000004c T GX_TextureCopy
00130a3c 000000a4 T amInit
00130ae0 0000003c T amExit
00130b1c 00000048 T AM_StartCiaInstall
00130b64 0000003c T AM_FinishCiaInstall
00130ba0 00000068 T AM_QueryAvailableExternalTitleDatabase
00130c08 00000004 W _aptDebug
00130c0c 0000015c T aptSendCommand
00130d68 0000003c t aptExitProcess
00130da4 0000004c T APT_InquireNotification
00130df0 0000019c t aptEventHandler
00130f8c 00000074 T APT_AppletUtility
00131000 000000b0 T aptSetSleepAllowed
001310b0 000000b0 T APT_GlanceParameter
00131160 000000c4 T APT_ReceiveParameter
00131224 000000bc t aptReceiveParameter.constprop.1
001312e0 000001e8 t aptScreenTransfer
001314c8 00000210 t aptWaitForWakeUp
001316d8 00000070 T APT_CancelParameter
00131748 00000270 T aptInit
001319b8 00000088 t aptClearParamQueue
00131a40 000001e4 t aptMainLoop.part.0
00131c24 0000001c T aptMainLoop
00131c40 0000024c T aptExit
00131e8c 0000007c T APT_CheckNew3DS
00131f08 00000028 t fsSessionForArchive.part.0
00131f30 000000d0 T fsInit
00132000 0000003c T fsExit
0013203c 00000074 T fsExemptFromSession
001320b0 00000050 T fsUnexemptFromSession
00132100 00000088 T fsMakePath
00132188 000000c0 T FSUSER_OpenFile
00132248 000000d4 T FSUSER_OpenFileDirectly
0013231c 000000a8 T FSUSER_DeleteFile
001323c4 000000e0 T FSUSER_RenameFile
001324a4 000000a8 T FSUSER_DeleteDirectory
0013254c 000000c0 T FSUSER_CreateFile
0013260c 000000b0 T FSUSER_CreateDirectory
001326bc 000000e0 T FSUSER_RenameDirectory
0013279c 000000a4 T FSUSER_OpenDirectory
00132840 00000098 T FSUSER_OpenArchive
001328d8 0000009c T FSUSER_ControlArchive
00132974 00000074 T FSUSER_CloseArchive
001329e8 00000078 T FSUSER_GetSdmcArchiveResource
00132a60 00000064 T FSUSER_IsSdmcWritable
00132ac4 00000058 T FSFILE_Read
00132b1c 00000064 T FSFILE_Write
00132b80 00000038 T FSFILE_GetSize
00132bb8 00000028 T FSFILE_SetSize
00132be0 0000003c T FSFILE_Close
00132c1c 00000024 T FSFILE_Flush
00132c40 00000054 T FSDIR_Read
00132c94 0000003c T FSDIR_Close
00132cd0 00000074 T gspInit
00132d44 0000003c T gspExit
00132d80 000000a0 T gspInitEventHandler
00132e20 00000040 T gspExitEventHandler
00132e60 00000044 T gspWaitForEvent
00132ea4 00000004 W gxCmdQueueInterrupt
00132ea8 00000174 t gspEventThreadMain
0013301c 00000124 T gspSubmitGxCommand
00133140 00000068 T GSPGPU_WriteHWRegs
001331a8 00000068 T GSPGPU_ReadHWRegs
00133210 0000006c T GSPGPU_SetBufferSwap
0013327c 0000004c T GSPGPU_FlushDataCache
001332c8 0000004c T GSPGPU_InvalidateDataCache
00133314 00000034 T GSPGPU_SetLcdForceBlack
00133348 00000064 T GSPGPU_RegisterInterruptRelayQueue
001333ac 0000002c T GSPGPU_UnregisterInterruptRelayQueue
001333d8 00000048 T GSPGPU_AcquireRight
00133420 0000002c T GSPGPU_ReleaseRight
0013344c 00000080 T GSPGPU_ImportDisplayCaptureInfo
001334cc 0000002c T GSPGPU_SaveVramSysArea
001334f8 0000002c T GSPGPU_RestoreVramSysArea
00133524 000000d0 T hidExit
001335f4 0000026c T hidScanInput
00133860 00000010 T hidKeysDown
00133870 00000090 T HIDUSER_GetHandles
00133900 000001a8 T hidInit
00133aa8 0000019c T httpcInit
00133c44 00000094 T httpcExit
00133cd8 00000138 T httpcOpenContext
00133e10 00000044 T httpcCloseContext
00133e54 00000030 T httpcBeginRequest
00133e84 00000044 T httpcReceiveData
00133ec8 00000100 T httpcDownloadData
00133fc8 00000054 T httpcGetDownloadSizeState
0013401c 00000078 T httpcGetResponseHeader
00134094 0000003c T httpcGetResponseStatusCode
001340d0 00000034 T httpcSetSSLOpt
00134104 000000ac T irrstScanInput
001341b0 00000024 T irrstKeysHeld
001341d4 00000050 T IRRST_GetHandles
00134224 00000158 T irrstInit
0013437c 0000002c T IRRST_Shutdown
001343a8 000000ac T irrstExit
00134454 00000074 T pmInit
001344c8 0000003c T pmExit
00134504 00000044 T PM_LaunchFIRMSetParams
00134548 00000074 T ptmSysmInit
001345bc 0000003c T ptmSysmExit
001345f8 00000034 T PTMSYSM_ConfigureNew3DSCPU
0013462c 0000000c T srvPmGetSessionHandle
00134638 0000015c T fcntl
00134794 0000006c T rbtree_find
00134800 00000014 T rbtree_init
00134814 0000018c t do_insert
001349a0 00000008 T rbtree_insert
001349a8 0000032c T rbtree_remove
00134cd4 00000094 T rbtree_rotate
00134d68 000000e8 T utf16_to_utf8
00134e50 000000c0 T utf8_to_utf16
00134f10 000000ec T __system_initArgv
00134ffc 00000038 W __libctru_init
00135034 00000030 t __ctru_get_reent
00135064 000000e4 T __system_initSyscalls
00135148 T svcControlMemory
00135168 T svcExitProcess
00135170 T svcCreateThread
00135190 T svcExitThread
00135198 T svcSleepThread
001351a0 T svcReleaseMutex
001351a8 T svcCreateEvent
001351bc T svcSignalEvent
001351c4 T svcClearEvent
001351cc T svcCreateMemoryBlock
001351e4 T svcMapMemoryBlock
001351ec T svcUnmapMemoryBlock
001351f4 T svcCreateAddressArbiter
00135208 T svcArbitrateAddress
00135220 T svcCloseHandle
00135228 T svcWaitSynchronization
00135230 T svcWaitSynchronizationN
00135258 T svcDuplicateHandle
0013526c T svcGetSystemTick
00135274 T svcGetSystemInfo
0013528c T svcConnectToPort
001352a0 T svcSendSyncRequest
001352a8 T svcBreak
001352b0 T svcBackdoor
001352b8 00000024 t addrMapNodeComparator(rbtree_node const*, rbtree_node const*)
001352dc 00000004 t addrMapNodeDestructor(rbtree_node*)
001352e0 000000e4 T mappableAlloc
001353c4 00000050 T mappableFree
00135414 00000024 t addrMapNodeComparator(rbtree_node const*, rbtree_node const*)
00135438 00000004 t addrMapNodeDestructor(rbtree_node*)
0013543c 00000110 T vramMemAlign
0013554c 00000008 T vramAlloc
00135554 00000050 T vramFree
001355a4 00000084 T envGetHandle
00135628 0000004c T envDestroyHandles
00135674 00000034 t LightLock_Unlock.part.1
001356a8 0000000c T __sync_init
001356b4 00000018 T __sync_fini
001356cc 00000010 T __sync_get_arbiter
001356dc 00000018 T LightLock_Init
001356f4 0000009c T LightLock_Lock
00135790 00000034 T LightLock_TryLock
001357c4 00000020 T LightLock_Unlock
001357e4 00000024 T RecursiveLock_Init
00135808 00000030 T RecursiveLock_Lock
00135838 00000058 T RecursiveLock_TryLock
00135890 00000038 T RecursiveLock_Unlock
001358c8 00000038 T LightEvent_Init
00135900 0000007c T LightEvent_Clear
0013597c 000000dc T LightEvent_Signal
00135a58 000000bc T LightEvent_Wait
00135b14 0000001c t threadFree.part.0
00135b30 000001ac T threadCreate
00135cdc 00000024 T threadJoin
00135d00 00000064 T threadExit
00135d64 00000040 t _thread_begin
00135da4 0000003c T _net_convert_error
00135de0 00000074 T rbtree_node_next
00135e54 00000060 T decode_utf16
00135eb4 00000138 T decode_utf8
00135fec 00000068 T encode_utf16
00136054 00000104 T encode_utf8
00136158 0000001c W __appExit
00136174 0000001c W __appInit
00136190 000000a4 W __libctru_exit
00136234 00000010 t sdmc_link
00136244 00000010 t sdmc_dirreset
00136254 00000010 t sdmc_chmod
00136264 00000024 t error_cmp
00136288 00000050 t sdmc_translate_error
001362d8 00000034 t sdmc_fsync
0013630c 00000054 t sdmc_ftruncate
00136360 000000b8 t sdmc_statvfs
00136418 00000038 t sdmc_dirclose
00136450 00000138 t sdmc_dirnext
00136588 00000034 t sdmc_close
001365bc 00000074 t sdmc_fstat
00136630 000000d0 t sdmc_seek
00136700 00000084 t sdmc_read
00136784 000000c0 t sdmc_write
00136844 000001a8 t sdmc_utf16path
001369ec 00000074 t sdmc_rmdir
00136a60 000000a0 t sdmc_diropen
00136b00 000000a0 t sdmc_chdir
00136ba0 00000098 t sdmc_mkdir
00136c38 00000108 t sdmc_rename
00136d40 00000074 t sdmc_unlink
00136db4 00000108 t sdmc_stat
00136ebc 00000198 t sdmc_open
00137054 00000010 t sdmc_fchmod
00137064 00000168 T sdmcInit
001371cc 00000060 T sdmcExit
0013722c T __aeabi_read_tp
00137238 00000158 T __udivmoddi4
00137390 00000014 T abort
001373a4 00000074 T bsearch
00137418 00000020 T calloc
00137438 00000090 T _calloc_r
001374c8 0000000c T __errno
001374d4 00000034 T exit
00137508 00000164 T _fclose_r
0013766c 00000018 T fclose
00137684 0000026c T __sflush_r
001378f0 00000094 T _fflush_r
00137984 00000038 T fflush
001379bc 0000000c T _cleanup_r
001379c8 00000078 t std.isra.0
00137a40 00000048 T __sfmoreglue
00137a88 0000008c T __sinit
00137b14 00000110 T __sfp
00137c24 0000000c T __sfp_lock_acquire
00137c30 0000000c T __sfp_lock_release
00137c3c 00000040 T __libc_fini_array
00137c7c 00000140 T _fopen_r
00137dbc 00000020 T fopen
00137ddc 000002e4 T _fread_r
001380c0 00000038 T fread
001380f8 000000f8 T _malloc_trim_r
001381f0 000002e4 T _free_r
001384d4 00000004 T _fseek_r
001384d8 00000030 T fseek
00138508 000005d0 T _fseeko_r
00138ad8 00000034 T ftell
00138b0c 00000198 T _ftello_r
00138ca4 00000070 T _fwalk
00138d14 00000078 T _fwalk_reent
00138d8c 000000c8 T _findenv_r
00138e54 00000018 T _getenv_r
00138e6c 0000007c T __libc_init_array
00138ee8 00000024 T __locale_mb_cur_max
00138f0c 00000008 T __locale_ctype_ptr_l
00138f14 00000024 T __locale_ctype_ptr
00138f38 00000094 T __swhatbuf_r
00138fcc 000000f4 T __smakebuf_r
001390c0 00000020 T memalign
001390e0 00000158 T _memalign_r
00139238 00000018 T malloc
00139250 00000018 T free
00139268 000007a8 T _malloc_r
00139a10 000000b4 T _mbrtowc_r
00139ac4 000000b8 T mbrtowc
00139b7c 000002fc T __utf8_mbtowc
00139e78 00000100 T memchr
00139f78 000000fc T memcmp
0013a074 0000010c T memcpy
0013a180 0000013c T memmove
0013a2bc 00000110 T memset
0013a3cc 00000320 t validate_structure
0013a6ec 000004ec T mktime
0013abd8 0000000c T __malloc_lock
0013abe4 0000000c T __malloc_unlock
0013abf0 00000380 T nl_langinfo_l
0013af70 0000002c T nl_langinfo
0013af9c 00000038 T printf
0013afd4 0000001c T putchar
0013aff0 000000d4 T _putc_r
0013b0c4 000000e0 T _puts_r
0013b1a4 00000018 T puts
0013b1bc 00000020 T realloc
0013b1dc 000004d0 T _realloc_r
0013b6ac 0000001c t lflush
0013b6c8 000001ac T __srefill_r
0013b874 0000003c T rewind
0013b8b0 00000264 T setvbuf
0013bb14 00000098 T _raise_r
0013bbac 00000018 T raise
0013bbc4 00000064 T sprintf
0013bc28 00000074 T sscanf
0013bc9c 0000003c T __sread
0013bcd8 00000008 T __seofread
0013bce0 00000064 T __swrite
0013bd44 0000004c T __sseek
0013bd90 00000008 T __sclose
0013bd98 00000070 T stpcpy
0013be08 00000180 T strchr
0013bf88 000000f0 T strcpy
0013c078 00000018 T strdup
0013c090 00000040 T _strdup_r
0013c0d0 0000005c T strlen
0013c12c 00000098 T strncat
0013c1c4 000000f8 T strncmp
0013c2bc 000000d8 T strncpy
0013c394 0000005c T strnlen
0013c3f0 00000044 T strrchr
0013c434 000001bc t _strtol_l.isra.0
0013c5f0 00000050 T _strtol_r
0013c640 000074a0 t get_arg
00143ae0 00003e2c T _svfprintf_r
0014790c 000027c8 T __ssvfscanf_r
0014a0d4 00000018 T close
0014a0ec 00000020 T fstat
0014a10c 00000020 T link
0014a12c 00000030 T lseek
0014a15c 00000040 T open
0014a19c 00000020 T stat
0014a1bc 00000018 T unlink
0014a1d4 00000028 T write
0014a1fc 00000038 T time
0014a234 00000218 T __tzcalc_limits
0014a44c 0000000c T __tz_lock
0014a458 0000000c T __tz_unlock
0014a464 00000010 T _tzset_unlocked
0014a474 0000049c T _tzset_unlocked_r
0014a910 0000001c t __sprint_r.part.0
0014a92c 0000001c T __sprint_r
0014a948 000074a0 t get_arg
00151de8 00003fd8 T _vfprintf_r
00155dc0 000000d0 t __sbprintf
00155e90 00000108 T __swbuf_r
00155f98 000000a0 T _wcrtomb_r
00156038 000000a8 T wcrtomb
001560e0 00000030 T wcslen
00156110 00000020 T _wcsrtombs_r
00156130 000000e8 T __utf8_wctomb
00156218 00000008 T wmemcpy
00156220 00000148 T __swsetup_r
00156368 00000170 T __call_exitprocs
001564d8 0000004c T div
00156524 000001bc t quorem
001566e0 00001224 T _dtoa_r
00157904 0000000c T __env_lock
00157910 0000000c T __env_unlock
0015791c 000000b0 T __sflags
001579cc 00000498 T __sfvwrite_r
00157e64 0000000c T __gettzinfo
00157e70 00000074 T iswspace
00157ee4 000001e0 t __jp2uc
001580c4 000000c4 T _jp2uc
00158188 00000008 T __localeconv_l
00158190 00000024 T _localeconv_r
001581b4 00000088 T _Balloc
0015823c 0000001c T _Bfree
00158258 000000d0 T __multadd
00158328 000000e0 T __s2b
00158408 00000058 T __hi0bits
00158460 0000009c T __lo0bits
001584fc 00000020 T __i2b
0015851c 000001d4 T __multiply
001586f0 00000100 T __pow5mult
001587f0 000000e8 T __lshift
001588d8 0000005c T __mcmp
00158934 00000168 T __mdiff
00158a9c 00000078 T __ulp
00158b14 000000d0 T __b2d
00158be4 00000104 T __d2b
00158ce8 00000084 T __ratio
00158d6c 00000088 T __copybits
00158df4 00000078 T __any_on
00158e6c 000000cc T __sccl
00158f38 0000000c T nanf
00158f48 0000009c T frexp
00158fe4 00000074 T siscanf
00159058 000000f8 T stpncpy
00159150 00000054 t sulp
001591a8 00001464 T _strtod_l
0015a60c 0000003c T _strtod_r
0015a648 00000274 t _strtoll_l.isra.0
0015a8bc 00000050 T _strtoll_r
0015a910 00000260 t _strtoull_l.isra.0
0015ab70 00000050 T _strtoull_r
0015abc0 000001d0 t _strtoul_l.isra.0
0015ad90 00000050 T _strtoul_r
0015ade0 00000054 T strtoul
0015ae34 00000188 T __ssprint_r
0015afbc 000000dc T _sungetc_r
0015b098 0000006c T __ssrefill_r
0015b104 000000c8 T _sfread_r
0015b1cc 00001d84 T __ssvfiscanf_r
0015cf50 000000a4 T __submore
0015cff4 00000170 T _wcsnrtombs_l
0015d164 00000064 T _wcsnrtombs_r
0015d1c8 00000104 t rshift
0015d2cc 000007f8 T __gethex
0015dac4 00000060 T __match
0015db24 00000254 T __hexnan
0015dd78 00000008 t null_write
0015dd80 00000018 T setDefaultDevice
0015dd98 000000cc T FindDevice
0015de64 00000028 T RemoveDevice
0015de8c 00000098 T AddDevice
0015df24 00000084 T _close_r
0015dfa8 00000074 T _fstat_r
0015e01c 00000010 T _getpid_r
0015e02c 0000002c T _gettimeofday_r
0015e058 00000008 T _isatty_r
0015e060 00000010 T _kill_r
0015e070 0000007c T _link_r
0015e0ec 00000084 T _lseek_r
0015e170 000000c4 T _open_r
0015e234 00000080 T _read_r
0015e2b4 00000070 T _sbrk_r
0015e324 0000006c T _stat_r
0015e390 00000064 T _unlink_r
0015e3f4 00000080 T _write_r
0015e474 00000024 T _exit
0015e498 000001cc T _concatenate_path
0015e664 0000015c T chdir
0015e7c0 00000060 T mkdir
0015e820 00000008 T __flockfile
0015e828 00000008 T __funlockfile
0015e830 00000018 T __libc_lock_acquire
0015e848 00000018 T __libc_lock_release
0015e860 00000018 T __libc_lock_init_recursive
0015e878 00000018 T __libc_lock_acquire_recursive
0015e890 00000018 T __libc_lock_release_recursive
0015e8a8 00000018 T __libc_lock_close_recursive
0015e8c0 0000008c T __release_handle
0015e94c 000000b4 T __alloc_handle
0015ea00 00000018 T __get_handle
0015ea18 00000080 T ftruncate
0015ea98 00000074 T fchmod
0015eb0c 00000074 T chmod
0015eb80 00000028 T __getreent
0015eba8 0000006c T rmdir
0015ec14 T _fini
0015f000 R arm11_bin
0015f4d8 R arm11_bin_end
0015f4d8 R arm11_bin_size
0015f4e0 00000008 r kMaskToBitNumber.11663
0015f4e8 00000008 r kMaskToAllowedStatus.11662
0015f528 00000028 r coder_copy.11625
0015f55c 00000024 r compression_names.10368
0015f580 00000008 r rb_ops.10248
0015f588 00000008 r rb_rsrc_ops.10249
0015f590 00000100 r utf8_count.9611
0015f690 000001d3 r u_decomposable_blocks
0015f864 00000730 r ccc_val
0015ff94 00000270 r ccc_val_index
00160204 000001d3 r ccc_index
001603d8 00002ba4 r u_decomposition_table
00162f7c 00002ba4 r u_composition_table
00165b20 00000010 r PPMD7_kExpEscape
00165b30 00000030 R __archive_ppmd7_functions
00165b60 000000d8 r decoders
00165c38 0000000c r next_state.7528
00165c44 00000008 r MASK_TO_ALLOWED_STATUS.7311
00165c4c 00000020 r MASK_TO_BIT_NUMBER.7312
00165c6c 00000080 r BRANCH_TABLE.7309
00165cf0 000000a0 r features
00165d90 00002000 r crc_table
00167d90 00000078 r configuration_table
00167e08 00000044 R deflate_copyright
00167e4c 00000800 r lenfix.5550
0016864c 00000080 r distfix.5551
001686cc 00000026 r order.5579
001686f4 00000040 r dext.5465
00168734 00000040 r dbase.5464
00168774 0000003e r lext.5463
001687b4 0000003e r lbase.5462
001687f4 0000002f R inflate_copyright
00168824 00000100 R _length_code
00168924 00000074 r extra_lbits
00168998 00000074 r base_length
00168a0c 00000200 R _dist_code
00168c0c 00000078 r extra_dbits
00168c84 00000078 r base_dist
00168cfc 00000480 r static_ltree
0016917c 00000078 r static_dtree
001691f4 00000013 r bl_order
00169208 0000004c r extra_blbits
00169254 00000028 R z_errmsg
00169288 R default_font_bin
00169a88 R default_font_bin_end
00169a88 R default_font_bin_size
0016bf18 00000030 r colorTable
0016bf9c 00000068 r dotab_stdout
0016c014 00000014 r CSWTCH.61
0016c028 00000008 r framebufferInfoSt
0016c0e0 0000004d r _net_error_code_map
0016c130 00000030 r error_table
0016c170 00000004 R _global_impure_ptr
0016c1b8 00000030 r DAYS_IN_MONTH
0016c1e8 00000030 r _DAYS_BEFORE_MONTH
0016c23c r .LC2
0016c240 00000010 r blanks.8562
0016c250 00000010 r zeroes.8563
0016c268 00000022 r basefix.8603
0016c28c 000000fc R _C_time_locale
0016c534 00000010 r blanks.8577
0016c544 00000010 r zeroes.8578
0016c554 00000101 R _ctype_
0016c67c 000000bc r a1
0016c738 000000bc r a2
0016c7f4 0000005b r a3
0016c850 00000070 r a6
0016c8c0 000000a2 r a7
0016c964 00000040 r a8
0016c9a4 0000172a r b02cf
0016e0d0 00001a7c r d02f4
0016fb4c 00000010 R _C_messages_locale
0016fb74 0000003c R _C_monetary_locale
0016fbb0 0000000c R _C_numeric_locale
0016fbbc 00000060 R __month_lengths
0016fc20 00000028 R __mprec_bigtens
0016fc48 000000c8 R __mprec_tens
0016fd10 0000000c r p05.7353
0016fd2c 00000014 r fpi.7439
0016fd40 00000014 r fpinan.7475
0016fd58 00000028 r tinytens
0016fd80 0000006c R __action_table
0016fdec 00000100 R __chclass
0016feec 0000006c R __state_table
0016ff58 00000022 r basefix.8096
0016ff7c 00000100 R __hexdig
00170084 00000068 R dotab_stdnull
001700ec 00000003 R DIRECTORY_PARENT
001700f0 r __EH_FRAME_BEGIN__
001700f0 R __exidx_end
001700f0 R __exidx_start
00171000 00000004 d backdoor_res
00171004 00000004 d error
00171008 00000004 d pm_res
0017100c 00000008 d g_szalloc
00171014 00000014 d static_l_desc
00171028 00000014 d static_d_desc
0017103c 00000014 d static_bl_desc
00171050 W __stacksize__
00171054 00000004 D currentConsole
00171058 0000004c D defaultConsole
001710a4 00000001 d firstConsoleInit.7967
001710a5 00000001 d botFormat
001710a8 00000008 d doubleBuf
001710b0 00000001 d topFormat
001710b4 00000068 d romFS_devoptab
0017111c 00000004 d aptFlags
00171120 00000004 d gspLastEvent
00171124 00000004 V __ctru_linear_heap_size
00171128 00000401 d __cwd
0017152c 00000068 d sdmc_devoptab
00171594 0000000c d __sfp_lock
001715a0 0000000c d __sinit_lock
001715ac 00000004 D _impure_ptr
001715b0 00000460 d impure_data
00171a10 0000016c D __global_locale
00171b7c 00000408 D __malloc_av_
00171f84 00000004 D __malloc_sbrk_base
00171f88 00000004 D __malloc_trim_threshold
00171f8c 0000000c d __malloc_lock_object
00171f98 00000004 d __tz_lock_object
00171f9c 00000008 D _tzname
00171fa4 0000000c D __atexit_lock
00171fb0 00000004 D environ
00171fb4 0000000c d __env_lock_object
00171fc0 00000040 d tzinfo
00172000 00000002 d numempty
00172004 00000002 d numempty
00172008 00000004 d defaultDevice
0017200c 00000040 D devoptab_list
0017204c 00001000 d _current_working_directory
0017304c 00000004 d __hndl_lock
00173050 0000000c d __stderr_handle
0017305c 0000000c d __stdin_handle
00173068 0000000c d __stdout_handle
00173074 00001000 d handles
00174074 t __frame_dummy_init_array_entry
00174074 T __init_array_start
00174074 B __preinit_array_end
00174074 B __preinit_array_start
00174074 D __tdata_lma
00174074 D __tdata_lma_end
00174074 D __TMC_END__
00174074 d __TMC_LIST__
00174078 t __do_global_dtors_aux_fini_array_entry
00174078 T __fini_array_start
00174078 T __init_array_end
0017407c T __bss_start__
0017407c T __fini_array_end
0017407c 00000004 B size
00174080 00000004 B readsize
00174084 00000004 B lastbuf
00174088 00000001 b g_is_new3ds
0017408c 00000004 b g_original_pid
00174090 00000004 b kver
00174094 00000004 b payload_buf
00174098 00000004 b payload_size
0017409c 00000004 b inited.9651
001740a0 00000034 b av.9650
001740d4 00000004 b warning_done.10623
001740d8 00000004 b inited.10327
001740dc 00000034 b av.10326
00174110 b saved_stack
00174118 b completed.7759
0017411c b object.7764
00174134 00000008 b sLinearPool
0017413c 0000000c b sAddrMap
00174148 00000002 b currentBuffer
0017414a 00000001 b enable3d
0017414c 00000004 b screenAlloc
00174150 00000004 b screenFree
00174154 00000001 V __ctru_speedup
00174158 00000401 b __component
0017455c 00000004 V __romfs_path
00174560 00000802 b __utf16path
00174d64 00000004 b romfs_mount_list
00174d68 00000004 b srvHandle
00174d6c 00000004 b srvRefCount
00174d70 00000004 b boundQueue
00174d74 00000004 b amHandle
00174d78 00000004 b amRefCount
00174d7c 00000001 b aptChainloadMediatype
00174d80 00000008 b aptChainloadTid
00174d88 00000004 b aptEventHandlerThread
00174d8c 0000000c b aptEvents
00174d98 0000000c b aptFirstHook
00174da4 00000001 b aptHomeButtonState
00174da8 00000004 b aptLockHandle
00174dac 00000004 b aptMessageFunc
00174db0 00000004 b aptMessageFuncData
00174db4 00001000 b aptParameters
00175db4 00000004 b aptRefCount
00175db8 00000008 b aptSleepEvent
00175dc0 00000001 b flagInit.8113
00175dc1 00000001 b flagValue.8114
00175dc4 00000004 b serviceName.7752
00175dc8 00000080 b fsExemptArchives
00175e48 00000004 b fsuHandle
00175e4c 00000004 b fsuRefCount
00175e50 00000004 b gspEvent
00175e54 0000001c b gspEventCb
00175e70 0000001c b gspEventCbData
00175e8c 00000007 b gspEventCbOneShot
00175e94 0000001c b gspEventCounts
00175eb0 00000004 b gspEventData
00175eb4 00000004 b gspEventThread
00175eb8 00000038 b gspEvents
00175ef0 00000004 b gspRefCount
00175ef4 00000001 b gspRunEvents
00175ef8 00000006 b aVec
00175f00 00000004 b cPos
00175f04 00000006 b gRate
00175f0c 00000004 b hidRefCount
00175f10 00000004 b kDown
00175f14 00000004 b kHeld
00175f18 00000004 b kOld
00175f1c 00000004 b kUp
00175f20 00000004 b tPos
00175f24 00000004 b __httpc_refcount
00175f28 00000004 b __httpc_sharedmem_handle
00175f2c 00000004 b __httpc_sharedmem_size
00175f30 00000004 b csPos
00175f34 00000004 b irrstRefCount
00175f38 00000004 b kHeld
00175f3c 00000004 b pmHandle
00175f40 00000004 b pmRefCount
00175f44 00000004 b ptmSysmHandle
00175f48 00000004 b ptmSysmRefCount
00175f4c 00000004 b srvPmHandle
00175f50 00000004 V __ctru_heap_size
00175f54 00000008 b sMappablePool
00175f5c 0000000c b sAddrMap
00175f68 0000000c b sAddrMap
00175f74 00000008 b sVramPool
00175f7c 00000004 b arbiter
00175f80 00000004 B SOCU_handle
00175f88 00000008 b sdmcArchive
00175f90 00000001 b sdmcInitialised
00175f94 00000028 B __malloc_current_mallinfo
00175fbc 00000004 B __malloc_max_sbrked_mem
00175fc0 00000004 B __malloc_max_total_mem
00175fc4 00000004 B __malloc_top_pad
00175fc8 00000004 b csym.6496
00175fcc 0000000b b __tzname_dst
00175fd8 0000000b b __tzname_std
00175fe4 00000004 b prev_tzenv
00175fe8 00000004 B _daylight
00175fec 00000004 B _timezone
00175ff0 00000004 b initial_env
00175ff4 00000001 b empty
00175ff8 00000004 b heap_start.7089
00175ffc 00000004 B fake_heap_end
00176000 00000004 B fake_heap_start
00176004 00001000 b temp_cwd
00177004 00000038 B __syscalls
0017703c 00000004 B buf
00177040 0000004c B top
0017708c 0000004c B bottom
001770d8 0000004c B currentCopy
00177124 00000008 B gfxBottomFramebuffers
0017712c 00000004 B gspSharedMemHandle
00177130 0000001c B bottomFramebufferInfo
0017714c 00000004 B gspEvent
00177150 00000008 B gfxTopLeftFramebuffers
00177158 00000008 B gfxTopRightFramebuffers
00177160 0000001c B topFramebufferInfo
0017717c 00000001 B gfxThreadID
00177180 00000004 B gfxSharedMemory
00177184 00000004 B gfxTopFramebufferMaxSize
00177188 00000004 B gfxBottomFramebufferMaxSize
0017718c 00000004 B gxCmdBuf
00177190 00000004 B gspGpuHandle
00177194 00000004 B hidMemHandle
00177198 00000004 B hidHandle
0017719c 00000004 B hidSharedMem
001771a0 00000014 B hidEvents
001771b4 00000004 B __httpc_servhandle
001771b8 00000004 B __httpc_sharedmem_addr
001771bc 00000004 B irrstHandle
001771c0 00000004 B irrstEvent
001771c4 00000004 B irrstMemHandle
001771c8 00000004 B irrstSharedMem
001771cc 00000004 B __ctru_linear_heap
001771d0 00000004 B __ctru_heap
001771d4 00000004 B __system_argv
001771d8 00000004 B __system_argc
001771dc 00000004 B __system_retAddr
001771e0 B __tls_start
001785ec B __bss_end__
001785ec A __end__
001785ec B __tls_end
